<?xml version="1.0" encoding="UTF-8"?>
<!-- Generated by org.testng.reporters.JUnitReportReporter -->
<testsuite hostname="Shree" failures="0" tests="4" name="tests.TestClass2" time="0.054" errors="0" timestamp="2022-09-18T10:20:09 IST" skipped="0">
  <testcase classname="tests.TestClass2" name="test4" time="0.018"/>
  <system-out/>
  <testcase classname="tests.TestClass2" name="test2" time="0.009"/>
  <system-out/>
  <testcase classname="tests.TestClass2" name="test1" time="0.007"/>
  <system-out/>
  <testcase classname="tests.TestClass2" name="test3" time="0.020"/>
  <system-out/>
</testsuite> <!-- tests.TestClass2 -->
