<?xml version="1.0" encoding="UTF-8"?>
<!-- Generated by org.testng.reporters.JUnitReportReporter -->
<testsuite hostname="Shree" failures="0" tests="6" name="tests.KeywordClass" time="0.064" errors="0" timestamp="2022-09-18T09:04:23 IST" skipped="1">
  <testcase classname="tests.KeywordClass" name="testD" time="0.019"/>
  <system-out/>
  <testcase classname="tests.KeywordClass" name="testA" time="0.014"/>
  <system-out/>
  <testcase classname="tests.KeywordClass" name="testA" time="0.007"/>
  <system-out/>
  <testcase classname="tests.KeywordClass" name="testA" time="0.004"/>
  <system-out/>
  <testcase classname="tests.KeywordClass" name="testB" time="0.020"/>
  <system-out/>
  <testcase classname="tests.KeywordClass" name="testC">
    <skipped/>
  </testcase> <!-- testC -->
  <system-out/>
</testsuite> <!-- tests.KeywordClass -->
