<?xml version="1.0" encoding="UTF-8"?>
<!-- Generated by org.testng.reporters.JUnitReportReporter -->
<testsuite hostname="Shree" failures="0" tests="1" name="tests.TestNG" time="0.035" errors="0" timestamp="2022-09-10T10:30:26 IST" skipped="0">
  <testcase classname="tests.TestNG" name="test" time="0.035"/>
  <system-out/>
</testsuite> <!-- tests.TestNG -->
