<?xml version="1.0" encoding="UTF-8"?>
<!-- Generated by org.testng.reporters.JUnitReportReporter -->
<testsuite hostname="Shree" failures="0" tests="2" name="tests.TestClass1" time="0.042" errors="0" timestamp="2022-09-18T10:20:09 IST" skipped="0">
  <testcase classname="tests.TestClass1" name="testD" time="0.010"/>
  <system-out/>
  <testcase classname="tests.TestClass1" name="testA" time="0.032"/>
  <system-out/>
</testsuite> <!-- tests.TestClass1 -->
